2025-08-13 15:06:00,984 - __main__ - INFO - Using GPU: NVIDIA A100-SXM4-80GB
2025-08-13 15:06:00,984 - __main__ - INFO - GPU Memory: 85.1 GB
2025-08-13 15:06:20,402 - __main__ - INFO - Using GPU: NVIDIA A100-SXM4-80GB
2025-08-13 15:06:20,402 - __main__ - INFO - GPU Memory: 85.1 GB
2025-08-13 15:06:20,402 - __main__ - INFO - Starting test forecast run with 3 steps
2025-08-13 15:06:20,402 - __main__ - INFO - Starting operational forecast run
2025-08-13 15:06:20,402 - __main__ - INFO - Loading Aurora model: Aurora
2025-08-13 15:06:34,063 - __main__ - INFO - Loading checkpoint: microsoft/aurora/aurora-0.25-pretrained.ckpt
2025-08-13 15:06:56,836 - __main__ - ERROR - Failed to load Aurora model: Error(s) in loading state_dict for Aurora:
	Missing key(s) in state_dict: "backbone.encoder_layers.0.blocks.0.attn.lora_proj.loras.0.lora_A", "backbone.encoder_layers.0.blocks.0.attn.lora_proj.loras.0.lora_B", "backbone.encoder_layers.0.blocks.0.attn.lora_qkv.loras.0.lora_A", "backbone.encoder_layers.0.blocks.0.attn.lora_qkv.loras.0.lora_B", "backbone.encoder_layers.0.blocks.1.attn.lora_proj.loras.0.lora_A", "backbone.encoder_layers.0.blocks.1.attn.lora_proj.loras.0.lora_B", "backbone.encoder_layers.0.blocks.1.attn.lora_qkv.loras.0.lora_A", "backbone.encoder_layers.0.blocks.1.attn.lora_qkv.loras.0.lora_B", "backbone.encoder_layers.0.blocks.2.attn.lora_proj.loras.0.lora_A", "backbone.encoder_layers.0.blocks.2.attn.lora_proj.loras.0.lora_B", "backbone.encoder_layers.0.blocks.2.attn.lora_qkv.loras.0.lora_A", "backbone.encoder_layers.0.blocks.2.attn.lora_qkv.loras.0.lora_B", "backbone.encoder_layers.0.blocks.3.attn.lora_proj.loras.0.lora_A", "backbone.encoder_layers.0.blocks.3.attn.lora_proj.loras.0.lora_B", "backbone.encoder_layers.0.blocks.3.attn.lora_qkv.loras.0.lora_A", "backbone.encoder_layers.0.blocks.3.attn.lora_qkv.loras.0.lora_B", "backbone.encoder_layers.0.blocks.4.attn.lora_proj.loras.0.lora_A", "backbone.encoder_layers.0.blocks.4.attn.lora_proj.loras.0.lora_B", "backbone.encoder_layers.0.blocks.4.attn.lora_qkv.loras.0.lora_A", "backbone.encoder_layers.0.blocks.4.attn.lora_qkv.loras.0.lora_B", "backbone.encoder_layers.0.blocks.5.attn.lora_proj.loras.0.lora_A", "backbone.encoder_layers.0.blocks.5.attn.lora_proj.loras.0.lora_B", "backbone.encoder_layers.0.blocks.5.attn.lora_qkv.loras.0.lora_A", "backbone.encoder_layers.0.blocks.5.attn.lora_qkv.loras.0.lora_B", "backbone.encoder_layers.1.blocks.0.attn.lora_proj.loras.0.lora_A", "backbone.encoder_layers.1.blocks.0.attn.lora_proj.loras.0.lora_B", "backbone.encoder_layers.1.blocks.0.attn.lora_qkv.loras.0.lora_A", "backbone.encoder_layers.1.blocks.0.attn.lora_qkv.loras.0.lora_B", "backbone.encoder_layers.1.blocks.1.attn.lora_proj.loras.0.lora_A", "backbone.encoder_layers.1.blocks.1.attn.lora_proj.loras.0.lora_B", "backbone.encoder_layers.1.blocks.1.attn.lora_qkv.loras.0.lora_A", "backbone.encoder_layers.1.blocks.1.attn.lora_qkv.loras.0.lora_B", "backbone.encoder_layers.1.blocks.2.attn.lora_proj.loras.0.lora_A", "backbone.encoder_layers.1.blocks.2.attn.lora_proj.loras.0.lora_B", "backbone.encoder_layers.1.blocks.2.attn.lora_qkv.loras.0.lora_A", "backbone.encoder_layers.1.blocks.2.attn.lora_qkv.loras.0.lora_B", "backbone.encoder_layers.1.blocks.3.attn.lora_proj.loras.0.lora_A", "backbone.encoder_layers.1.blocks.3.attn.lora_proj.loras.0.lora_B", "backbone.encoder_layers.1.blocks.3.attn.lora_qkv.loras.0.lora_A", "backbone.encoder_layers.1.blocks.3.attn.lora_qkv.loras.0.lora_B", "backbone.encoder_layers.1.blocks.4.attn.lora_proj.loras.0.lora_A", "backbone.encoder_layers.1.blocks.4.attn.lora_proj.loras.0.lora_B", "backbone.encoder_layers.1.blocks.4.attn.lora_qkv.loras.0.lora_A", "backbone.encoder_layers.1.blocks.4.attn.lora_qkv.loras.0.lora_B", "backbone.encoder_layers.1.blocks.5.attn.lora_proj.loras.0.lora_A", "backbone.encoder_layers.1.blocks.5.attn.lora_proj.loras.0.lora_B", "backbone.encoder_layers.1.blocks.5.attn.lora_qkv.loras.0.lora_A", "backbone.encoder_layers.1.blocks.5.attn.lora_qkv.loras.0.lora_B", "backbone.encoder_layers.1.blocks.6.attn.lora_proj.loras.0.lora_A", "backbone.encoder_layers.1.blocks.6.attn.lora_proj.loras.0.lora_B", "backbone.encoder_layers.1.blocks.6.attn.lora_qkv.loras.0.lora_A", "backbone.encoder_layers.1.blocks.6.attn.lora_qkv.loras.0.lora_B", "backbone.encoder_layers.1.blocks.7.attn.lora_proj.loras.0.lora_A", "backbone.encoder_layers.1.blocks.7.attn.lora_proj.loras.0.lora_B", "backbone.encoder_layers.1.blocks.7.attn.lora_qkv.loras.0.lora_A", "backbone.encoder_layers.1.blocks.7.attn.lora_qkv.loras.0.lora_B", "backbone.encoder_layers.1.blocks.8.attn.lora_proj.loras.0.lora_A", "backbone.encoder_layers.1.blocks.8.attn.lora_proj.loras.0.lora_B", "backbone.encoder_layers.1.blocks.8.attn.lora_qkv.loras.0.lora_A", "backbone.encoder_layers.1.blocks.8.attn.lora_qkv.loras.0.lora_B", "backbone.encoder_layers.1.blocks.9.attn.lora_proj.loras.0.lora_A", "backbone.encoder_layers.1.blocks.9.attn.lora_proj.loras.0.lora_B", "backbone.encoder_layers.1.blocks.9.attn.lora_qkv.loras.0.lora_A", "backbone.encoder_layers.1.blocks.9.attn.lora_qkv.loras.0.lora_B", "backbone.encoder_layers.2.blocks.0.attn.lora_proj.loras.0.lora_A", "backbone.encoder_layers.2.blocks.0.attn.lora_proj.loras.0.lora_B", "backbone.encoder_layers.2.blocks.0.attn.lora_qkv.loras.0.lora_A", "backbone.encoder_layers.2.blocks.0.attn.lora_qkv.loras.0.lora_B", "backbone.encoder_layers.2.blocks.1.attn.lora_proj.loras.0.lora_A", "backbone.encoder_layers.2.blocks.1.attn.lora_proj.loras.0.lora_B", "backbone.encoder_layers.2.blocks.1.attn.lora_qkv.loras.0.lora_A", "backbone.encoder_layers.2.blocks.1.attn.lora_qkv.loras.0.lora_B", "backbone.encoder_layers.2.blocks.2.attn.lora_proj.loras.0.lora_A", "backbone.encoder_layers.2.blocks.2.attn.lora_proj.loras.0.lora_B", "backbone.encoder_layers.2.blocks.2.attn.lora_qkv.loras.0.lora_A", "backbone.encoder_layers.2.blocks.2.attn.lora_qkv.loras.0.lora_B", "backbone.encoder_layers.2.blocks.3.attn.lora_proj.loras.0.lora_A", "backbone.encoder_layers.2.blocks.3.attn.lora_proj.loras.0.lora_B", "backbone.encoder_layers.2.blocks.3.attn.lora_qkv.loras.0.lora_A", "backbone.encoder_layers.2.blocks.3.attn.lora_qkv.loras.0.lora_B", "backbone.encoder_layers.2.blocks.4.attn.lora_proj.loras.0.lora_A", "backbone.encoder_layers.2.blocks.4.attn.lora_proj.loras.0.lora_B", "backbone.encoder_layers.2.blocks.4.attn.lora_qkv.loras.0.lora_A", "backbone.encoder_layers.2.blocks.4.attn.lora_qkv.loras.0.lora_B", "backbone.encoder_layers.2.blocks.5.attn.lora_proj.loras.0.lora_A", "backbone.encoder_layers.2.blocks.5.attn.lora_proj.loras.0.lora_B", "backbone.encoder_layers.2.blocks.5.attn.lora_qkv.loras.0.lora_A", "backbone.encoder_layers.2.blocks.5.attn.lora_qkv.loras.0.lora_B", "backbone.encoder_layers.2.blocks.6.attn.lora_proj.loras.0.lora_A", "backbone.encoder_layers.2.blocks.6.attn.lora_proj.loras.0.lora_B", "backbone.encoder_layers.2.blocks.6.attn.lora_qkv.loras.0.lora_A", "backbone.encoder_layers.2.blocks.6.attn.lora_qkv.loras.0.lora_B", "backbone.encoder_layers.2.blocks.7.attn.lora_proj.loras.0.lora_A", "backbone.encoder_layers.2.blocks.7.attn.lora_proj.loras.0.lora_B", "backbone.encoder_layers.2.blocks.7.attn.lora_qkv.loras.0.lora_A", "backbone.encoder_layers.2.blocks.7.attn.lora_qkv.loras.0.lora_B", "backbone.decoder_layers.0.blocks.0.attn.lora_proj.loras.0.lora_A", "backbone.decoder_layers.0.blocks.0.attn.lora_proj.loras.0.lora_B", "backbone.decoder_layers.0.blocks.0.attn.lora_qkv.loras.0.lora_A", "backbone.decoder_layers.0.blocks.0.attn.lora_qkv.loras.0.lora_B", "backbone.decoder_layers.0.blocks.1.attn.lora_proj.loras.0.lora_A", "backbone.decoder_layers.0.blocks.1.attn.lora_proj.loras.0.lora_B", "backbone.decoder_layers.0.blocks.1.attn.lora_qkv.loras.0.lora_A", "backbone.decoder_layers.0.blocks.1.attn.lora_qkv.loras.0.lora_B", "backbone.decoder_layers.0.blocks.2.attn.lora_proj.loras.0.lora_A", "backbone.decoder_layers.0.blocks.2.attn.lora_proj.loras.0.lora_B", "backbone.decoder_layers.0.blocks.2.attn.lora_qkv.loras.0.lora_A", "backbone.decoder_layers.0.blocks.2.attn.lora_qkv.loras.0.lora_B", "backbone.decoder_layers.0.blocks.3.attn.lora_proj.loras.0.lora_A", "backbone.decoder_layers.0.blocks.3.attn.lora_proj.loras.0.lora_B", "backbone.decoder_layers.0.blocks.3.attn.lora_qkv.loras.0.lora_A", "backbone.decoder_layers.0.blocks.3.attn.lora_qkv.loras.0.lora_B", "backbone.decoder_layers.0.blocks.4.attn.lora_proj.loras.0.lora_A", "backbone.decoder_layers.0.blocks.4.attn.lora_proj.loras.0.lora_B", "backbone.decoder_layers.0.blocks.4.attn.lora_qkv.loras.0.lora_A", "backbone.decoder_layers.0.blocks.4.attn.lora_qkv.loras.0.lora_B", "backbone.decoder_layers.0.blocks.5.attn.lora_proj.loras.0.lora_A", "backbone.decoder_layers.0.blocks.5.attn.lora_proj.loras.0.lora_B", "backbone.decoder_layers.0.blocks.5.attn.lora_qkv.loras.0.lora_A", "backbone.decoder_layers.0.blocks.5.attn.lora_qkv.loras.0.lora_B", "backbone.decoder_layers.0.blocks.6.attn.lora_proj.loras.0.lora_A", "backbone.decoder_layers.0.blocks.6.attn.lora_proj.loras.0.lora_B", "backbone.decoder_layers.0.blocks.6.attn.lora_qkv.loras.0.lora_A", "backbone.decoder_layers.0.blocks.6.attn.lora_qkv.loras.0.lora_B", "backbone.decoder_layers.0.blocks.7.attn.lora_proj.loras.0.lora_A", "backbone.decoder_layers.0.blocks.7.attn.lora_proj.loras.0.lora_B", "backbone.decoder_layers.0.blocks.7.attn.lora_qkv.loras.0.lora_A", "backbone.decoder_layers.0.blocks.7.attn.lora_qkv.loras.0.lora_B", "backbone.decoder_layers.1.blocks.0.attn.lora_proj.loras.0.lora_A", "backbone.decoder_layers.1.blocks.0.attn.lora_proj.loras.0.lora_B", "backbone.decoder_layers.1.blocks.0.attn.lora_qkv.loras.0.lora_A", "backbone.decoder_layers.1.blocks.0.attn.lora_qkv.loras.0.lora_B", "backbone.decoder_layers.1.blocks.1.attn.lora_proj.loras.0.lora_A", "backbone.decoder_layers.1.blocks.1.attn.lora_proj.loras.0.lora_B", "backbone.decoder_layers.1.blocks.1.attn.lora_qkv.loras.0.lora_A", "backbone.decoder_layers.1.blocks.1.attn.lora_qkv.loras.0.lora_B", "backbone.decoder_layers.1.blocks.2.attn.lora_proj.loras.0.lora_A", "backbone.decoder_layers.1.blocks.2.attn.lora_proj.loras.0.lora_B", "backbone.decoder_layers.1.blocks.2.attn.lora_qkv.loras.0.lora_A", "backbone.decoder_layers.1.blocks.2.attn.lora_qkv.loras.0.lora_B", "backbone.decoder_layers.1.blocks.3.attn.lora_proj.loras.0.lora_A", "backbone.decoder_layers.1.blocks.3.attn.lora_proj.loras.0.lora_B", "backbone.decoder_layers.1.blocks.3.attn.lora_qkv.loras.0.lora_A", "backbone.decoder_layers.1.blocks.3.attn.lora_qkv.loras.0.lora_B", "backbone.decoder_layers.1.blocks.4.attn.lora_proj.loras.0.lora_A", "backbone.decoder_layers.1.blocks.4.attn.lora_proj.loras.0.lora_B", "backbone.decoder_layers.1.blocks.4.attn.lora_qkv.loras.0.lora_A", "backbone.decoder_layers.1.blocks.4.attn.lora_qkv.loras.0.lora_B", "backbone.decoder_layers.1.blocks.5.attn.lora_proj.loras.0.lora_A", "backbone.decoder_layers.1.blocks.5.attn.lora_proj.loras.0.lora_B", "backbone.decoder_layers.1.blocks.5.attn.lora_qkv.loras.0.lora_A", "backbone.decoder_layers.1.blocks.5.attn.lora_qkv.loras.0.lora_B", "backbone.decoder_layers.1.blocks.6.attn.lora_proj.loras.0.lora_A", "backbone.decoder_layers.1.blocks.6.attn.lora_proj.loras.0.lora_B", "backbone.decoder_layers.1.blocks.6.attn.lora_qkv.loras.0.lora_A", "backbone.decoder_layers.1.blocks.6.attn.lora_qkv.loras.0.lora_B", "backbone.decoder_layers.1.blocks.7.attn.lora_proj.loras.0.lora_A", "backbone.decoder_layers.1.blocks.7.attn.lora_proj.loras.0.lora_B", "backbone.decoder_layers.1.blocks.7.attn.lora_qkv.loras.0.lora_A", "backbone.decoder_layers.1.blocks.7.attn.lora_qkv.loras.0.lora_B", "backbone.decoder_layers.1.blocks.8.attn.lora_proj.loras.0.lora_A", "backbone.decoder_layers.1.blocks.8.attn.lora_proj.loras.0.lora_B", "backbone.decoder_layers.1.blocks.8.attn.lora_qkv.loras.0.lora_A", "backbone.decoder_layers.1.blocks.8.attn.lora_qkv.loras.0.lora_B", "backbone.decoder_layers.1.blocks.9.attn.lora_proj.loras.0.lora_A", "backbone.decoder_layers.1.blocks.9.attn.lora_proj.loras.0.lora_B", "backbone.decoder_layers.1.blocks.9.attn.lora_qkv.loras.0.lora_A", "backbone.decoder_layers.1.blocks.9.attn.lora_qkv.loras.0.lora_B", "backbone.decoder_layers.2.blocks.0.attn.lora_proj.loras.0.lora_A", "backbone.decoder_layers.2.blocks.0.attn.lora_proj.loras.0.lora_B", "backbone.decoder_layers.2.blocks.0.attn.lora_qkv.loras.0.lora_A", "backbone.decoder_layers.2.blocks.0.attn.lora_qkv.loras.0.lora_B", "backbone.decoder_layers.2.blocks.1.attn.lora_proj.loras.0.lora_A", "backbone.decoder_layers.2.blocks.1.attn.lora_proj.loras.0.lora_B", "backbone.decoder_layers.2.blocks.1.attn.lora_qkv.loras.0.lora_A", "backbone.decoder_layers.2.blocks.1.attn.lora_qkv.loras.0.lora_B", "backbone.decoder_layers.2.blocks.2.attn.lora_proj.loras.0.lora_A", "backbone.decoder_layers.2.blocks.2.attn.lora_proj.loras.0.lora_B", "backbone.decoder_layers.2.blocks.2.attn.lora_qkv.loras.0.lora_A", "backbone.decoder_layers.2.blocks.2.attn.lora_qkv.loras.0.lora_B", "backbone.decoder_layers.2.blocks.3.attn.lora_proj.loras.0.lora_A", "backbone.decoder_layers.2.blocks.3.attn.lora_proj.loras.0.lora_B", "backbone.decoder_layers.2.blocks.3.attn.lora_qkv.loras.0.lora_A", "backbone.decoder_layers.2.blocks.3.attn.lora_qkv.loras.0.lora_B", "backbone.decoder_layers.2.blocks.4.attn.lora_proj.loras.0.lora_A", "backbone.decoder_layers.2.blocks.4.attn.lora_proj.loras.0.lora_B", "backbone.decoder_layers.2.blocks.4.attn.lora_qkv.loras.0.lora_A", "backbone.decoder_layers.2.blocks.4.attn.lora_qkv.loras.0.lora_B", "backbone.decoder_layers.2.blocks.5.attn.lora_proj.loras.0.lora_A", "backbone.decoder_layers.2.blocks.5.attn.lora_proj.loras.0.lora_B", "backbone.decoder_layers.2.blocks.5.attn.lora_qkv.loras.0.lora_A", "backbone.decoder_layers.2.blocks.5.attn.lora_qkv.loras.0.lora_B". 
2025-08-13 15:07:17,110 - __main__ - INFO - Using GPU: NVIDIA A100-SXM4-80GB
2025-08-13 15:07:17,110 - __main__ - INFO - GPU Memory: 85.1 GB
2025-08-13 15:07:17,110 - __main__ - INFO - Starting test forecast run with 3 steps
2025-08-13 15:07:17,110 - __main__ - INFO - Starting operational forecast run
2025-08-13 15:07:17,110 - __main__ - INFO - Loading Aurora model: AuroraSmallPretrained
2025-08-13 15:07:19,151 - __main__ - INFO - Loading checkpoint: microsoft/aurora/aurora-0.25-small-pretrained.ckpt
2025-08-13 15:07:20,054 - __main__ - INFO - Aurora model loaded successfully
2025-08-13 15:07:20,055 - __main__ - ERROR - No processed Aurora batch files found
2025-08-13 15:08:12,751 - __main__ - INFO - Using GPU: NVIDIA A100-SXM4-80GB
2025-08-13 15:08:12,751 - __main__ - INFO - GPU Memory: 85.1 GB
2025-08-13 15:08:12,751 - __main__ - INFO - Starting test forecast run with 3 steps
2025-08-13 15:08:12,751 - __main__ - INFO - Starting operational forecast run
2025-08-13 15:08:12,751 - __main__ - INFO - Loading Aurora model: AuroraSmallPretrained
2025-08-13 15:08:14,693 - __main__ - INFO - Loading checkpoint: microsoft/aurora/aurora-0.25-small-pretrained.ckpt
2025-08-13 15:08:15,381 - __main__ - INFO - Aurora model loaded successfully
2025-08-13 15:08:15,382 - __main__ - INFO - Using latest batch file: /home/qhuang62/aurora/aurora-mers-forecasting/data/processed/aurora_batch_20250813_2208.nc
2025-08-13 15:08:15,382 - __main__ - INFO - Loading input batch from /home/qhuang62/aurora/aurora-mers-forecasting/data/processed/aurora_batch_20250813_2208.nc
2025-08-13 15:08:16,170 - __main__ - INFO - Loaded batch with spatial shape: torch.Size([180, 360])
2025-08-13 15:08:16,170 - __main__ - INFO - Starting forecast generation for 3 steps
2025-08-13 15:08:22,103 - __main__ - ERROR - Failed to generate forecast: Sizes of tensors must match except in dimension 1. Expected size 1 but got size 2 for tensor number 1 in the list.
2025-08-13 15:08:22,103 - __main__ - ERROR - GPU memory usage: 0.5 GB
2025-08-13 15:08:22,103 - __main__ - ERROR - Operational forecast failed: Sizes of tensors must match except in dimension 1. Expected size 1 but got size 2 for tensor number 1 in the list.
2025-08-13 15:08:56,503 - __main__ - INFO - Using GPU: NVIDIA A100-SXM4-80GB
2025-08-13 15:08:56,504 - __main__ - INFO - GPU Memory: 85.1 GB
2025-08-13 15:08:56,504 - __main__ - INFO - Starting test forecast run with 3 steps
2025-08-13 15:08:56,504 - __main__ - INFO - Starting operational forecast run
2025-08-13 15:08:56,504 - __main__ - INFO - Loading Aurora model: AuroraSmallPretrained
2025-08-13 15:08:58,655 - __main__ - INFO - Loading checkpoint: microsoft/aurora/aurora-0.25-small-pretrained.ckpt
2025-08-13 15:08:59,343 - __main__ - INFO - Aurora model loaded successfully
2025-08-13 15:08:59,344 - __main__ - INFO - Using latest batch file: /home/qhuang62/aurora/aurora-mers-forecasting/data/processed/aurora_batch_20250813_2208.nc
2025-08-13 15:08:59,344 - __main__ - INFO - Loading input batch from /home/qhuang62/aurora/aurora-mers-forecasting/data/processed/aurora_batch_20250813_2208.nc
2025-08-13 15:08:59,835 - __main__ - INFO - Loaded batch with spatial shape: torch.Size([180, 360])
2025-08-13 15:08:59,835 - __main__ - INFO - Starting forecast generation for 3 steps
2025-08-13 15:09:00,285 - __main__ - INFO - Forecast generation completed in 0.4s (0.15s per step)
2025-08-13 15:09:00,477 - __main__ - INFO - Saved complete forecast to /home/qhuang62/aurora/aurora-mers-forecasting/output/forecasts/complete_forecast_20240115_1200.nc
2025-08-13 15:09:00,477 - __main__ - INFO - Saved 1 forecast output files
2025-08-13 15:09:00,535 - __main__ - INFO - Generated forecast summary statistics
2025-08-13 15:09:00,539 - __main__ - INFO - Operational forecast completed successfully
2025-08-13 15:09:00,539 - __main__ - INFO - Generated 3 forecast steps
2025-08-13 15:09:00,539 - __main__ - INFO - Output files: 1
2025-08-13 15:27:46,004 - __main__ - INFO - Using GPU: NVIDIA A100-SXM4-80GB
2025-08-13 15:27:46,004 - __main__ - INFO - GPU Memory: 85.1 GB
2025-08-13 15:27:46,004 - __main__ - INFO - Starting test forecast run with 5 steps
2025-08-13 15:27:46,004 - __main__ - INFO - Starting operational forecast run
2025-08-13 15:27:46,004 - __main__ - INFO - Loading Aurora model: AuroraSmallPretrained
2025-08-13 15:27:47,279 - __main__ - INFO - Loading checkpoint: microsoft/aurora/aurora-0.25-small-pretrained.ckpt
2025-08-13 15:27:49,173 - __main__ - INFO - Aurora model loaded successfully
2025-08-13 15:27:49,174 - __main__ - INFO - Using latest batch file: /home/qhuang62/aurora/aurora-mers-forecasting/data/processed/aurora_batch_20250813_2208.nc
2025-08-13 15:27:49,174 - __main__ - INFO - Loading input batch from /home/qhuang62/aurora/aurora-mers-forecasting/data/processed/aurora_batch_20250813_2208.nc
2025-08-13 15:27:49,650 - __main__ - INFO - Loaded batch with spatial shape: torch.Size([180, 360])
2025-08-13 15:27:49,650 - __main__ - INFO - Starting forecast generation for 5 steps
2025-08-13 15:27:50,774 - __main__ - INFO - Forecast generation completed in 1.1s (0.22s per step)
2025-08-13 15:27:50,878 - __main__ - INFO - Saved complete forecast to /home/qhuang62/aurora/aurora-mers-forecasting/output/forecasts/complete_forecast_20240115_1200.nc
2025-08-13 15:27:50,878 - __main__ - INFO - Saved 2 forecast output files
2025-08-13 15:27:50,972 - __main__ - INFO - Generated forecast summary statistics
2025-08-13 15:27:50,976 - __main__ - INFO - Operational forecast completed successfully
2025-08-13 15:27:50,976 - __main__ - INFO - Generated 5 forecast steps
2025-08-13 15:27:50,976 - __main__ - INFO - Output files: 2
