Lmod has detected the following error: The following module(s) are unknown: "python/3.10"

Please check the spelling or version number. Also try "module spider ..."
It is also possible your cache file is out-of-date; it may help to try:
  $ module --ignore_cache load "python/3.10"

Also make sure that all modulefiles written in TCL start with the string #%Module



Lmod has detected the following error: The following module(s) are unknown: "cuda/11.8"

Please check the spelling or version number. Also try "module spider ..."
It is also possible your cache file is out-of-date; it may help to try:
  $ module --ignore_cache load "cuda/11.8"

Also make sure that all modulefiles written in TCL start with the string #%Module



Lmod has detected the following error: The following module(s) are unknown: "miniconda3"

Please check the spelling or version number. Also try "module spider ..."
It is also possible your cache file is out-of-date; it may help to try:
  $ module --ignore_cache load "miniconda3"

Also make sure that all modulefiles written in TCL start with the string #%Module





==> WARNING: A newer version of conda exists. <==
    current version: 24.11.3
    latest version: 25.7.0

Please update conda by running

    $ conda update -n base -c conda-forge conda


2025-08-13 15:27:46,004 - __main__ - INFO - Using GPU: NVIDIA A100-SXM4-80GB
2025-08-13 15:27:46,004 - __main__ - INFO - GPU Memory: 85.1 GB
2025-08-13 15:27:46,004 - __main__ - INFO - Starting test forecast run with 5 steps
2025-08-13 15:27:46,004 - __main__ - INFO - Starting operational forecast run
2025-08-13 15:27:46,004 - __main__ - INFO - Loading Aurora model: AuroraSmallPretrained
2025-08-13 15:27:47,279 - __main__ - INFO - Loading checkpoint: microsoft/aurora/aurora-0.25-small-pretrained.ckpt
2025-08-13 15:27:49,173 - __main__ - INFO - Aurora model loaded successfully
2025-08-13 15:27:49,174 - __main__ - INFO - Using latest batch file: /home/qhuang62/aurora/aurora-mers-forecasting/data/processed/aurora_batch_20250813_2208.nc
2025-08-13 15:27:49,174 - __main__ - INFO - Loading input batch from /home/qhuang62/aurora/aurora-mers-forecasting/data/processed/aurora_batch_20250813_2208.nc
2025-08-13 15:27:49,650 - __main__ - INFO - Loaded batch with spatial shape: torch.Size([180, 360])
2025-08-13 15:27:49,650 - __main__ - INFO - Starting forecast generation for 5 steps
2025-08-13 15:27:50,774 - __main__ - INFO - Forecast generation completed in 1.1s (0.22s per step)
2025-08-13 15:27:50,878 - __main__ - INFO - Saved complete forecast to /home/qhuang62/aurora/aurora-mers-forecasting/output/forecasts/complete_forecast_20240115_1200.nc
2025-08-13 15:27:50,878 - __main__ - INFO - Saved 2 forecast output files
2025-08-13 15:27:50,972 - __main__ - INFO - Generated forecast summary statistics
2025-08-13 15:27:50,976 - __main__ - INFO - Operational forecast completed successfully
2025-08-13 15:27:50,976 - __main__ - INFO - Generated 5 forecast steps
2025-08-13 15:27:50,976 - __main__ - INFO - Output files: 2
