2025-08-13 16:49:30,288 - ecmwf.datastores.legacy_client - INFO - [2024-09-26T00:00:00] Watch our [Forum](https://forum.ecmwf.int/) for Announcements, news and other discussed topics.
2025-08-13 16:49:30,288 - __main__ - INFO - CDS API client initialized successfully
2025-08-13 16:49:30,288 - __main__ - INFO - Downloading latest data for: 2025-08-13 15:00:00
2025-08-13 16:49:30,289 - __main__ - INFO - Downloading surface variables for 2025-08-13 15:00:00
2025-08-13 16:49:30,780 - __main__ - ERROR - Failed to download surface variables for 2025-08-13 15:00:00: 400 Client Error: Bad Request for url: https://cds.climate.copernicus.eu/api/retrieve/v1/processes/reanalysis-era5-single-levels/execution
invalid request
None of the data you have requested is available yet, please revise the period requested. The latest date available for this dataset is: 2025-08-08 23:00
2025-08-13 16:49:30,780 - __main__ - INFO - Downloading atmospheric variables for 2025-08-13 15:00:00
2025-08-13 16:49:31,175 - __main__ - ERROR - Failed to download atmospheric variables for 2025-08-13 15:00:00: 400 Client Error: Bad Request for url: https://cds.climate.copernicus.eu/api/retrieve/v1/processes/reanalysis-era5-pressure-levels/execution
invalid request
None of the data you have requested is available yet, please revise the period requested. The latest date available for this dataset is: 2025-08-08 23:00
2025-08-13 16:49:31,175 - __main__ - INFO - Downloading static variables
2025-08-13 16:49:31,760 - ecmwf.datastores.legacy_client - INFO - Request ID is bc3125e7-fb8b-4e5c-9a7b-54c760df9b2a
2025-08-13 16:49:31,942 - ecmwf.datastores.legacy_client - INFO - status has been updated to accepted
2025-08-13 16:49:41,091 - ecmwf.datastores.legacy_client - INFO - status has been updated to running
2025-08-13 16:49:46,321 - ecmwf.datastores.legacy_client - INFO - status has been updated to accepted
2025-08-13 16:49:54,316 - ecmwf.datastores.legacy_client - INFO - status has been updated to successful
2025-08-13 16:49:54,676 - multiurl.base - INFO - Downloading https://object-store.os-api.cci2.ecmwf.int:443/cci2-prod-cache-1/2025-08-13/246e8256896397b8bde6d38f6cc1edb9.nc
2025-08-13 16:49:59,548 - __main__ - INFO - Successfully downloaded static data to /home/qhuang62/aurora/aurora-mers-forecasting/data/static/static.nc
2025-08-13 16:49:59,549 - __main__ - ERROR - Failed to download some latest data
